Started GET "/" for ::1 at 2021-02-15 00:04:20 +0530
  
ActiveRecord::NoDatabaseError (FATAL:  database "scheduled_tweets_development" does not exist
):
  
activerecord (6.1.1) lib/active_record/connection_adapters/postgresql_adapter.rb:81:in `rescue in new_client'
activerecord (6.1.1) lib/active_record/connection_adapters/postgresql_adapter.rb:77:in `new_client'
activerecord (6.1.1) lib/active_record/connection_adapters/postgresql_adapter.rb:37:in `postgresql_connection'
activerecord (6.1.1) lib/active_record/connection_adapters/abstract/connection_pool.rb:882:in `public_send'
activerecord (6.1.1) lib/active_record/connection_adapters/abstract/connection_pool.rb:882:in `new_connection'
activerecord (6.1.1) lib/active_record/connection_adapters/abstract/connection_pool.rb:926:in `checkout_new_connection'
activerecord (6.1.1) lib/active_record/connection_adapters/abstract/connection_pool.rb:905:in `try_to_checkout_new_connection'
activerecord (6.1.1) lib/active_record/connection_adapters/abstract/connection_pool.rb:866:in `acquire_connection'
activerecord (6.1.1) lib/active_record/connection_adapters/abstract/connection_pool.rb:588:in `checkout'
activerecord (6.1.1) lib/active_record/connection_adapters/abstract/connection_pool.rb:428:in `connection'
activerecord (6.1.1) lib/active_record/connection_adapters/abstract/connection_pool.rb:1128:in `retrieve_connection'
activerecord (6.1.1) lib/active_record/connection_handling.rb:319:in `retrieve_connection'
activerecord (6.1.1) lib/active_record/connection_handling.rb:275:in `connection'
activerecord (6.1.1) lib/active_record/migration.rb:611:in `connection'
activerecord (6.1.1) lib/active_record/migration.rb:606:in `build_watcher'
activerecord (6.1.1) lib/active_record/migration.rb:588:in `block in call'
activerecord (6.1.1) lib/active_record/migration.rb:587:in `synchronize'
activerecord (6.1.1) lib/active_record/migration.rb:587:in `call'
actionpack (6.1.1) lib/action_dispatch/middleware/callbacks.rb:27:in `block in call'
activesupport (6.1.1) lib/active_support/callbacks.rb:98:in `run_callbacks'
actionpack (6.1.1) lib/action_dispatch/middleware/callbacks.rb:26:in `call'
actionpack (6.1.1) lib/action_dispatch/middleware/executor.rb:14:in `call'
actionpack (6.1.1) lib/action_dispatch/middleware/actionable_exceptions.rb:18:in `call'
actionpack (6.1.1) lib/action_dispatch/middleware/debug_exceptions.rb:29:in `call'
web-console (4.1.0) lib/web_console/middleware.rb:132:in `call_app'
web-console (4.1.0) lib/web_console/middleware.rb:28:in `block in call'
web-console (4.1.0) lib/web_console/middleware.rb:17:in `catch'
web-console (4.1.0) lib/web_console/middleware.rb:17:in `call'
actionpack (6.1.1) lib/action_dispatch/middleware/show_exceptions.rb:33:in `call'
railties (6.1.1) lib/rails/rack/logger.rb:37:in `call_app'
railties (6.1.1) lib/rails/rack/logger.rb:26:in `block in call'
activesupport (6.1.1) lib/active_support/tagged_logging.rb:99:in `block in tagged'
activesupport (6.1.1) lib/active_support/tagged_logging.rb:37:in `tagged'
activesupport (6.1.1) lib/active_support/tagged_logging.rb:99:in `tagged'
railties (6.1.1) lib/rails/rack/logger.rb:26:in `call'
sprockets-rails (3.2.2) lib/sprockets/rails/quiet_assets.rb:13:in `call'
actionpack (6.1.1) lib/action_dispatch/middleware/remote_ip.rb:81:in `call'
actionpack (6.1.1) lib/action_dispatch/middleware/request_id.rb:26:in `call'
rack (2.2.3) lib/rack/method_override.rb:24:in `call'
rack (2.2.3) lib/rack/runtime.rb:22:in `call'
activesupport (6.1.1) lib/active_support/cache/strategy/local_cache_middleware.rb:29:in `call'
actionpack (6.1.1) lib/action_dispatch/middleware/executor.rb:14:in `call'
actionpack (6.1.1) lib/action_dispatch/middleware/static.rb:24:in `call'
rack (2.2.3) lib/rack/sendfile.rb:110:in `call'
actionpack (6.1.1) lib/action_dispatch/middleware/host_authorization.rb:98:in `call'
webpacker (5.2.1) lib/webpacker/dev_server_proxy.rb:25:in `perform_request'
rack-proxy (0.6.5) lib/rack/proxy.rb:57:in `call'
railties (6.1.1) lib/rails/engine.rb:539:in `call'
puma (5.2.1) lib/puma/configuration.rb:247:in `call'
puma (5.2.1) lib/puma/request.rb:76:in `block in handle_request'
puma (5.2.1) lib/puma/thread_pool.rb:337:in `with_force_shutdown'
puma (5.2.1) lib/puma/request.rb:75:in `handle_request'
puma (5.2.1) lib/puma/server.rb:431:in `process_client'
puma (5.2.1) lib/puma/thread_pool.rb:145:in `block in spawn_thread'
Started GET "/" for ::1 at 2021-02-15 13:28:34 +0530
  
ActiveRecord::NoDatabaseError (FATAL:  database "scheduled_tweets_development" does not exist
):
  
activerecord (6.1.1) lib/active_record/connection_adapters/postgresql_adapter.rb:81:in `rescue in new_client'
activerecord (6.1.1) lib/active_record/connection_adapters/postgresql_adapter.rb:77:in `new_client'
activerecord (6.1.1) lib/active_record/connection_adapters/postgresql_adapter.rb:37:in `postgresql_connection'
activerecord (6.1.1) lib/active_record/connection_adapters/abstract/connection_pool.rb:882:in `public_send'
activerecord (6.1.1) lib/active_record/connection_adapters/abstract/connection_pool.rb:882:in `new_connection'
activerecord (6.1.1) lib/active_record/connection_adapters/abstract/connection_pool.rb:926:in `checkout_new_connection'
activerecord (6.1.1) lib/active_record/connection_adapters/abstract/connection_pool.rb:905:in `try_to_checkout_new_connection'
activerecord (6.1.1) lib/active_record/connection_adapters/abstract/connection_pool.rb:866:in `acquire_connection'
activerecord (6.1.1) lib/active_record/connection_adapters/abstract/connection_pool.rb:588:in `checkout'
activerecord (6.1.1) lib/active_record/connection_adapters/abstract/connection_pool.rb:428:in `connection'
activerecord (6.1.1) lib/active_record/connection_adapters/abstract/connection_pool.rb:1128:in `retrieve_connection'
activerecord (6.1.1) lib/active_record/connection_handling.rb:319:in `retrieve_connection'
activerecord (6.1.1) lib/active_record/connection_handling.rb:275:in `connection'
activerecord (6.1.1) lib/active_record/migration.rb:611:in `connection'
activerecord (6.1.1) lib/active_record/migration.rb:606:in `build_watcher'
activerecord (6.1.1) lib/active_record/migration.rb:588:in `block in call'
activerecord (6.1.1) lib/active_record/migration.rb:587:in `synchronize'
activerecord (6.1.1) lib/active_record/migration.rb:587:in `call'
actionpack (6.1.1) lib/action_dispatch/middleware/callbacks.rb:27:in `block in call'
activesupport (6.1.1) lib/active_support/callbacks.rb:98:in `run_callbacks'
actionpack (6.1.1) lib/action_dispatch/middleware/callbacks.rb:26:in `call'
actionpack (6.1.1) lib/action_dispatch/middleware/executor.rb:14:in `call'
actionpack (6.1.1) lib/action_dispatch/middleware/actionable_exceptions.rb:18:in `call'
actionpack (6.1.1) lib/action_dispatch/middleware/debug_exceptions.rb:29:in `call'
web-console (4.1.0) lib/web_console/middleware.rb:132:in `call_app'
web-console (4.1.0) lib/web_console/middleware.rb:28:in `block in call'
web-console (4.1.0) lib/web_console/middleware.rb:17:in `catch'
web-console (4.1.0) lib/web_console/middleware.rb:17:in `call'
actionpack (6.1.1) lib/action_dispatch/middleware/show_exceptions.rb:33:in `call'
railties (6.1.1) lib/rails/rack/logger.rb:37:in `call_app'
railties (6.1.1) lib/rails/rack/logger.rb:26:in `block in call'
activesupport (6.1.1) lib/active_support/tagged_logging.rb:99:in `block in tagged'
activesupport (6.1.1) lib/active_support/tagged_logging.rb:37:in `tagged'
activesupport (6.1.1) lib/active_support/tagged_logging.rb:99:in `tagged'
railties (6.1.1) lib/rails/rack/logger.rb:26:in `call'
sprockets-rails (3.2.2) lib/sprockets/rails/quiet_assets.rb:13:in `call'
actionpack (6.1.1) lib/action_dispatch/middleware/remote_ip.rb:81:in `call'
actionpack (6.1.1) lib/action_dispatch/middleware/request_id.rb:26:in `call'
rack (2.2.3) lib/rack/method_override.rb:24:in `call'
rack (2.2.3) lib/rack/runtime.rb:22:in `call'
activesupport (6.1.1) lib/active_support/cache/strategy/local_cache_middleware.rb:29:in `call'
actionpack (6.1.1) lib/action_dispatch/middleware/executor.rb:14:in `call'
actionpack (6.1.1) lib/action_dispatch/middleware/static.rb:24:in `call'
rack (2.2.3) lib/rack/sendfile.rb:110:in `call'
actionpack (6.1.1) lib/action_dispatch/middleware/host_authorization.rb:98:in `call'
webpacker (5.2.1) lib/webpacker/dev_server_proxy.rb:25:in `perform_request'
rack-proxy (0.6.5) lib/rack/proxy.rb:57:in `call'
railties (6.1.1) lib/rails/engine.rb:539:in `call'
puma (5.2.1) lib/puma/configuration.rb:247:in `call'
puma (5.2.1) lib/puma/request.rb:76:in `block in handle_request'
puma (5.2.1) lib/puma/thread_pool.rb:337:in `with_force_shutdown'
puma (5.2.1) lib/puma/request.rb:75:in `handle_request'
puma (5.2.1) lib/puma/server.rb:431:in `process_client'
puma (5.2.1) lib/puma/thread_pool.rb:145:in `block in spawn_thread'
  [1m[35m (326.3ms)[0m  [1m[35mCREATE DATABASE "scheduled_tweets_development" ENCODING = 'unicode'[0m
  [1m[35m (102.9ms)[0m  [1m[35mCREATE DATABASE "scheduled_tweets_test" ENCODING = 'unicode'[0m
  [1m[35m (52.8ms)[0m  [1m[35mCREATE TABLE "schema_migrations" ("version" character varying NOT NULL PRIMARY KEY)[0m
  [1m[35m (26.6ms)[0m  [1m[35mCREATE TABLE "ar_internal_metadata" ("key" character varying NOT NULL PRIMARY KEY, "value" character varying, "created_at" timestamp(6) NOT NULL, "updated_at" timestamp(6) NOT NULL)[0m
  [1m[35m (2.2ms)[0m  [1m[34mSELECT pg_try_advisory_lock(5254333602139059795)[0m
  [1m[35m (1.4ms)[0m  [1m[34mSELECT "schema_migrations"."version" FROM "schema_migrations" ORDER BY "schema_migrations"."version" ASC[0m
Migrating to CreateUsers (20201230204859)
  [1m[36mTRANSACTION (6.4ms)[0m  [1m[35mBEGIN[0m
  [1m[35m (42.1ms)[0m  [1m[35mCREATE TABLE "users" ("id" bigserial primary key, "email" character varying NOT NULL, "password_digest" character varying, "created_at" timestamp(6) NOT NULL, "updated_at" timestamp(6) NOT NULL)[0m
  [1m[36mActiveRecord::SchemaMigration Create (70.3ms)[0m  [1m[32mINSERT INTO "schema_migrations" ("version") VALUES ($1) RETURNING "version"[0m  [["version", "20201230204859"]]
  [1m[36mTRANSACTION (1.4ms)[0m  [1m[35mCOMMIT[0m
Migrating to CreateTwitterAccounts (20201231163128)
  [1m[36mTRANSACTION (6.5ms)[0m  [1m[35mBEGIN[0m
  [1m[35m (30.6ms)[0m  [1m[35mCREATE TABLE "twitter_accounts" ("id" bigserial primary key, "user_id" bigint NOT NULL, "name" character varying, "username" character varying, "image" character varying, "token" character varying, "secret" character varying, "created_at" timestamp(6) NOT NULL, "updated_at" timestamp(6) NOT NULL, CONSTRAINT "fk_rails_287de1faaf"
FOREIGN KEY ("user_id")
  REFERENCES "users" ("id")
)[0m
  [1m[35m (4.0ms)[0m  [1m[35mCREATE INDEX "index_twitter_accounts_on_user_id" ON "twitter_accounts" ("user_id")[0m
  [1m[36mActiveRecord::SchemaMigration Create (0.5ms)[0m  [1m[32mINSERT INTO "schema_migrations" ("version") VALUES ($1) RETURNING "version"[0m  [["version", "20201231163128"]]
  [1m[36mTRANSACTION (1.4ms)[0m  [1m[35mCOMMIT[0m
Migrating to CreateTweets (20201231171955)
  [1m[36mTRANSACTION (5.9ms)[0m  [1m[35mBEGIN[0m
  [1m[35m (22.1ms)[0m  [1m[35mCREATE TABLE "tweets" ("id" bigserial primary key, "user_id" bigint NOT NULL, "twitter_account_id" bigint NOT NULL, "body" text, "publish_at" timestamp, "tweet_id" character varying, "created_at" timestamp(6) NOT NULL, "updated_at" timestamp(6) NOT NULL, CONSTRAINT "fk_rails_003928b7f5"
FOREIGN KEY ("user_id")
  REFERENCES "users" ("id")
, CONSTRAINT "fk_rails_5e2f8da970"
FOREIGN KEY ("twitter_account_id")
  REFERENCES "twitter_accounts" ("id")
)[0m
  [1m[35m (6.9ms)[0m  [1m[35mCREATE INDEX "index_tweets_on_user_id" ON "tweets" ("user_id")[0m
  [1m[35m (2.2ms)[0m  [1m[35mCREATE INDEX "index_tweets_on_twitter_account_id" ON "tweets" ("twitter_account_id")[0m
  [1m[36mActiveRecord::SchemaMigration Create (0.4ms)[0m  [1m[32mINSERT INTO "schema_migrations" ("version") VALUES ($1) RETURNING "version"[0m  [["version", "20201231171955"]]
  [1m[36mTRANSACTION (1.5ms)[0m  [1m[35mCOMMIT[0m
  [1m[36mActiveRecord::InternalMetadata Load (1.3ms)[0m  [1m[34mSELECT "ar_internal_metadata".* FROM "ar_internal_metadata" WHERE "ar_internal_metadata"."key" = $1 LIMIT $2[0m  [["key", "environment"], ["LIMIT", 1]]
  [1m[36mTRANSACTION (0.2ms)[0m  [1m[35mBEGIN[0m
  [1m[36mActiveRecord::InternalMetadata Create (25.1ms)[0m  [1m[32mINSERT INTO "ar_internal_metadata" ("key", "value", "created_at", "updated_at") VALUES ($1, $2, $3, $4) RETURNING "key"[0m  [["key", "environment"], ["value", "development"], ["created_at", "2021-02-15 08:05:27.976774"], ["updated_at", "2021-02-15 08:05:27.976774"]]
  [1m[36mTRANSACTION (1.6ms)[0m  [1m[35mCOMMIT[0m
  [1m[35m (0.7ms)[0m  [1m[34mSELECT pg_advisory_unlock(5254333602139059795)[0m
  [1m[35m (2.7ms)[0m  [1m[34mSELECT "schema_migrations"."version" FROM "schema_migrations" ORDER BY "schema_migrations"."version" ASC[0m
Started GET "/" for ::1 at 2021-02-15 13:35:56 +0530
  [1m[35m (1.0ms)[0m  [1m[34mSELECT "schema_migrations"."version" FROM "schema_migrations" ORDER BY "schema_migrations"."version" ASC[0m
Processing by MainController#index as HTML
  Rendering layout layouts/application.html.erb
  Rendering main/index.html.erb within layouts/application
  Rendered main/index.html.erb within layouts/application (Duration: 4.0ms | Allocations: 453)
[Webpacker] Compiling...
Started GET "/" for ::1 at 2021-02-15 13:35:59 +0530
Processing by MainController#index as HTML
  Rendering layout layouts/application.html.erb
  Rendering main/index.html.erb within layouts/application
  Rendered main/index.html.erb within layouts/application (Duration: 0.1ms | Allocations: 42)
[Webpacker] Compiling...
[Webpacker] Compilation failed:
yarn run v1.22.4
info Visit https://yarnpkg.com/en/docs/cli/run for documentation about this command.


warning ../../../../../package.json: No license field
warning ../../../../../package.json: No license field
error Command "webpack" not found.

  Rendered layout layouts/application.html.erb (Duration: 3355.9ms | Allocations: 25245)
Completed 500 Internal Server Error in 3397ms (ActiveRecord: 0.0ms | Allocations: 29232)


  
ActionView::Template::Error (Webpacker can't find application.js in /Users/maheshvuppala/icicle/Work/docs/Training/scheduled_tweets/public/packs/manifest.json. Possible causes:
1. You want to set webpacker.yml value of compile to true for your environment
   unless you are using the `webpack -w` or the webpack-dev-server.
2. webpack has not yet re-run to reflect updates.
3. You have misconfigured Webpacker's config/webpacker.yml file.
4. Your webpack configuration is not creating a manifest.
Your manifest contains:
{
}
):
    11:   <script src="https://cdn.jsdelivr.net/npm/bootstrap@5.0.0-beta1/dist/js/bootstrap.bundle.min.js" integrity="sha384-ygbV9kiqUc6oa4msXn9868pTtWMgiQaeYH7/t7LECLbyPA2x65Kgf80OJFdroafW" crossorigin="anonymous"></script>
    12: 
    13:   <%= stylesheet_link_tag 'application', media: 'all', 'data-turbolinks-track': 'reload' %>
    14:   <%= javascript_pack_tag 'application', 'data-turbolinks-track': 'reload' %>
    15: </head>
    16: 
    17: <body>
  
app/views/layouts/application.html.erb:14
[Webpacker] Compilation failed:
yarn run v1.22.4
info Visit https://yarnpkg.com/en/docs/cli/run for documentation about this command.


warning ../../../../../package.json: No license field
warning ../../../../../package.json: No license field
error Command "webpack" not found.

  Rendered layout layouts/application.html.erb (Duration: 1947.3ms | Allocations: 189211)
Completed 500 Internal Server Error in 1953ms (ActiveRecord: 0.0ms | Allocations: 189547)


  
ActionView::Template::Error (Webpacker can't find application.js in /Users/maheshvuppala/icicle/Work/docs/Training/scheduled_tweets/public/packs/manifest.json. Possible causes:
1. You want to set webpacker.yml value of compile to true for your environment
   unless you are using the `webpack -w` or the webpack-dev-server.
2. webpack has not yet re-run to reflect updates.
3. You have misconfigured Webpacker's config/webpacker.yml file.
4. Your webpack configuration is not creating a manifest.
Your manifest contains:
{
}
):
    11:   <script src="https://cdn.jsdelivr.net/npm/bootstrap@5.0.0-beta1/dist/js/bootstrap.bundle.min.js" integrity="sha384-ygbV9kiqUc6oa4msXn9868pTtWMgiQaeYH7/t7LECLbyPA2x65Kgf80OJFdroafW" crossorigin="anonymous"></script>
    12: 
    13:   <%= stylesheet_link_tag 'application', media: 'all', 'data-turbolinks-track': 'reload' %>
    14:   <%= javascript_pack_tag 'application', 'data-turbolinks-track': 'reload' %>
    15: </head>
    16: 
    17: <body>
  
app/views/layouts/application.html.erb:14
Started GET "/" for ::1 at 2021-02-15 13:42:36 +0530
  [1m[35m (1.4ms)[0m  [1m[34mSELECT "schema_migrations"."version" FROM "schema_migrations" ORDER BY "schema_migrations"."version" ASC[0m
Processing by MainController#index as HTML
  Rendering layout layouts/application.html.erb
  Rendering main/index.html.erb within layouts/application
  Rendered main/index.html.erb within layouts/application (Duration: 4.5ms | Allocations: 453)
[Webpacker] Compiling...
[Webpacker] Compiled all packs in /Users/maheshvuppala/icicle/Work/docs/Training/scheduled_tweets/public/packs
[Webpacker] warning ../../../../../package.json: No license field

[Webpacker] Hash: 415a948d492e21802f43
Version: webpack 4.44.2
Time: 3389ms
Built at: 02/15/2021 13:42:44
                                     Asset       Size       Chunks                         Chunk Names
    js/application-d5a3c3b4dce84b5eb605.js    125 KiB  application  [emitted] [immutable]  application
js/application-d5a3c3b4dce84b5eb605.js.map    139 KiB  application  [emitted] [dev]        application
                             manifest.json  364 bytes               [emitted]              
Entrypoint application = js/application-d5a3c3b4dce84b5eb605.js js/application-d5a3c3b4dce84b5eb605.js.map
[./app/javascript/channels sync recursive _channel\.js$] ./app/javascript/channels sync _channel\.js$ 160 bytes {application} [built]
[./app/javascript/channels/index.js] 211 bytes {application} [built]
[./app/javascript/packs/application.js] 492 bytes {application} [built]
[./node_modules/webpack/buildin/module.js] (webpack)/buildin/module.js 552 bytes {application} [built]
    + 3 hidden modules

  Rendered shared/_navbar.html.erb (Duration: 5.9ms | Allocations: 630)
  Rendered shared/_flash.html.erb (Duration: 2.5ms | Allocations: 190)
  Rendered layout layouts/application.html.erb (Duration: 7911.4ms | Allocations: 8806)
Completed 200 OK in 7946ms (Views: 7924.6ms | ActiveRecord: 0.0ms | Allocations: 12832)


Started GET "/sign_in" for ::1 at 2021-02-15 13:43:04 +0530
Processing by SessionsController#new as HTML
  Rendering layout layouts/application.html.erb
  Rendering sessions/new.html.erb within layouts/application
  Rendered sessions/new.html.erb within layouts/application (Duration: 74.0ms | Allocations: 6542)
[Webpacker] Everything's up-to-date. Nothing to do
  Rendered shared/_navbar.html.erb (Duration: 0.3ms | Allocations: 149)
  Rendered shared/_flash.html.erb (Duration: 0.2ms | Allocations: 23)
  Rendered layout layouts/application.html.erb (Duration: 105.0ms | Allocations: 10627)
Completed 200 OK in 116ms (Views: 113.6ms | ActiveRecord: 0.0ms | Allocations: 11532)


Started GET "/sign_up" for ::1 at 2021-02-15 13:43:08 +0530
Processing by RegistrationsController#new as HTML
  Rendering layout layouts/application.html.erb
  Rendering registrations/new.html.erb within layouts/application
  Rendered shared/_form_errors.html.erb (Duration: 1.9ms | Allocations: 173)
  Rendered registrations/new.html.erb within layouts/application (Duration: 7.3ms | Allocations: 1615)
[Webpacker] Everything's up-to-date. Nothing to do
  Rendered shared/_navbar.html.erb (Duration: 0.3ms | Allocations: 152)
  Rendered shared/_flash.html.erb (Duration: 0.1ms | Allocations: 23)
  Rendered layout layouts/application.html.erb (Duration: 18.0ms | Allocations: 5762)
Completed 200 OK in 60ms (Views: 19.6ms | ActiveRecord: 9.2ms | Allocations: 12924)


Started POST "/sign_up" for ::1 at 2021-02-15 13:43:26 +0530
Processing by RegistrationsController#create as HTML
  Parameters: {"authenticity_token"=>"[FILTERED]", "user"=>{"email"=>"mahesh.aina@gmail.com", "password"=>"[FILTERED]", "password_confirmation"=>"[FILTERED]"}, "commit"=>"Sign Up"}
  [1m[36mTRANSACTION (0.2ms)[0m  [1m[35mBEGIN[0m
  ↳ app/controllers/registrations_controller.rb:8:in `create'
  [1m[36mUser Create (12.7ms)[0m  [1m[32mINSERT INTO "users" ("email", "password_digest", "created_at", "updated_at") VALUES ($1, $2, $3, $4) RETURNING "id"[0m  [["email", "mahesh.aina@gmail.com"], ["password_digest", "$2a$12$6dzv5ZJOK5F.FJVD5wZHRed4qALrVWw/zGTEk5tN9m.aSbgVHJao2"], ["created_at", "2021-02-15 08:13:27.277110"], ["updated_at", "2021-02-15 08:13:27.277110"]]
  ↳ app/controllers/registrations_controller.rb:8:in `create'
  [1m[36mTRANSACTION (11.9ms)[0m  [1m[35mCOMMIT[0m
  ↳ app/controllers/registrations_controller.rb:8:in `create'
Redirected to http://localhost:3000/
Completed 302 Found in 322ms (ActiveRecord: 24.8ms | Allocations: 2591)


Started GET "/" for ::1 at 2021-02-15 13:43:27 +0530
Processing by MainController#index as HTML
  [1m[36mUser Load (7.4ms)[0m  [1m[34mSELECT "users".* FROM "users" WHERE "users"."id" = $1 LIMIT $2[0m  [["id", 1], ["LIMIT", 1]]
  ↳ app/controllers/application_controller.rb:6:in `set_current_user'
  Rendering layout layouts/application.html.erb
  Rendering main/index.html.erb within layouts/application
  Rendered main/index.html.erb within layouts/application (Duration: 0.1ms | Allocations: 42)
[Webpacker] Everything's up-to-date. Nothing to do
  Rendered shared/_navbar.html.erb (Duration: 0.9ms | Allocations: 245)
  Rendered shared/_flash.html.erb (Duration: 0.1ms | Allocations: 30)
  Rendered layout layouts/application.html.erb (Duration: 15.6ms | Allocations: 4332)
Completed 200 OK in 43ms (Views: 16.2ms | ActiveRecord: 7.7ms | Allocations: 5998)


Started GET "/tweets" for ::1 at 2021-02-15 13:43:41 +0530
Processing by TweetsController#index as HTML
  [1m[36mUser Load (2.5ms)[0m  [1m[34mSELECT "users".* FROM "users" WHERE "users"."id" = $1 LIMIT $2[0m  [["id", 1], ["LIMIT", 1]]
  ↳ app/controllers/application_controller.rb:6:in `set_current_user'
  Rendering layout layouts/application.html.erb
  Rendering tweets/index.html.erb within layouts/application
  [1m[36mTwitterAccount Exists? (12.0ms)[0m  [1m[34mSELECT 1 AS one FROM "twitter_accounts" WHERE "twitter_accounts"."user_id" = $1 LIMIT $2[0m  [["user_id", 1], ["LIMIT", 1]]
  ↳ app/views/tweets/index.html.erb:4
  [1m[36mCACHE TwitterAccount Exists? (0.0ms)[0m  [1m[34mSELECT 1 AS one FROM "twitter_accounts" WHERE "twitter_accounts"."user_id" = $1 LIMIT $2[0m  [["user_id", 1], ["LIMIT", 1]]
  ↳ app/views/tweets/index.html.erb:9
  [1m[36mTweet Load (13.9ms)[0m  [1m[34mSELECT "tweets".* FROM "tweets" WHERE "tweets"."user_id" = $1[0m  [["user_id", 1]]
  ↳ app/views/tweets/index.html.erb:13
  Rendered collection of templates [0 times] (Duration: 0.0ms | Allocations: 12)
  Rendered tweets/index.html.erb within layouts/application (Duration: 62.3ms | Allocations: 7491)
[Webpacker] Everything's up-to-date. Nothing to do
  Rendered shared/_navbar.html.erb (Duration: 0.8ms | Allocations: 243)
  Rendered shared/_flash.html.erb (Duration: 0.1ms | Allocations: 23)
  Rendered layout layouts/application.html.erb (Duration: 73.4ms | Allocations: 11672)
Completed 200 OK in 126ms (Views: 41.0ms | ActiveRecord: 37.3ms | Allocations: 18138)


Started GET "/auth/twitter" for ::1 at 2021-02-15 13:43:44 +0530
  
ActionController::RoutingError (No route matches [GET] "/auth/twitter"):
  
Started GET "/auth/twitter" for ::1 at 2021-02-15 13:44:03 +0530
  
ActionController::RoutingError (No route matches [GET] "/auth/twitter"):
  
Started GET "/auth/twitter/callback" for ::1 at 2021-02-15 13:44:11 +0530
  
OmniAuth::NoSessionError (Session Expired):
  
omniauth-oauth (1.2.0) lib/omniauth/strategies/oauth.rb:45:in `callback_phase'
omniauth (2.0.2) lib/omniauth/strategy.rb:268:in `callback_call'
omniauth (2.0.2) lib/omniauth/strategy.rb:193:in `call!'
omniauth (2.0.2) lib/omniauth/strategy.rb:169:in `call'
omniauth (2.0.2) lib/omniauth/builder.rb:45:in `call'
rack (2.2.3) lib/rack/tempfile_reaper.rb:15:in `call'
rack (2.2.3) lib/rack/etag.rb:27:in `call'
rack (2.2.3) lib/rack/conditional_get.rb:27:in `call'
rack (2.2.3) lib/rack/head.rb:12:in `call'
actionpack (6.1.1) lib/action_dispatch/http/permissions_policy.rb:22:in `call'
actionpack (6.1.1) lib/action_dispatch/http/content_security_policy.rb:18:in `call'
rack (2.2.3) lib/rack/session/abstract/id.rb:266:in `context'
rack (2.2.3) lib/rack/session/abstract/id.rb:260:in `call'
actionpack (6.1.1) lib/action_dispatch/middleware/cookies.rb:689:in `call'
activerecord (6.1.1) lib/active_record/migration.rb:601:in `call'
actionpack (6.1.1) lib/action_dispatch/middleware/callbacks.rb:27:in `block in call'
activesupport (6.1.1) lib/active_support/callbacks.rb:98:in `run_callbacks'
actionpack (6.1.1) lib/action_dispatch/middleware/callbacks.rb:26:in `call'
actionpack (6.1.1) lib/action_dispatch/middleware/executor.rb:14:in `call'
actionpack (6.1.1) lib/action_dispatch/middleware/actionable_exceptions.rb:18:in `call'
actionpack (6.1.1) lib/action_dispatch/middleware/debug_exceptions.rb:29:in `call'
web-console (4.1.0) lib/web_console/middleware.rb:132:in `call_app'
web-console (4.1.0) lib/web_console/middleware.rb:28:in `block in call'
web-console (4.1.0) lib/web_console/middleware.rb:17:in `catch'
web-console (4.1.0) lib/web_console/middleware.rb:17:in `call'
actionpack (6.1.1) lib/action_dispatch/middleware/show_exceptions.rb:33:in `call'
railties (6.1.1) lib/rails/rack/logger.rb:37:in `call_app'
railties (6.1.1) lib/rails/rack/logger.rb:26:in `block in call'
activesupport (6.1.1) lib/active_support/tagged_logging.rb:99:in `block in tagged'
activesupport (6.1.1) lib/active_support/tagged_logging.rb:37:in `tagged'
activesupport (6.1.1) lib/active_support/tagged_logging.rb:99:in `tagged'
railties (6.1.1) lib/rails/rack/logger.rb:26:in `call'
sprockets-rails (3.2.2) lib/sprockets/rails/quiet_assets.rb:13:in `call'
actionpack (6.1.1) lib/action_dispatch/middleware/remote_ip.rb:81:in `call'
actionpack (6.1.1) lib/action_dispatch/middleware/request_id.rb:26:in `call'
rack (2.2.3) lib/rack/method_override.rb:24:in `call'
rack (2.2.3) lib/rack/runtime.rb:22:in `call'
activesupport (6.1.1) lib/active_support/cache/strategy/local_cache_middleware.rb:29:in `call'
actionpack (6.1.1) lib/action_dispatch/middleware/executor.rb:14:in `call'
actionpack (6.1.1) lib/action_dispatch/middleware/static.rb:24:in `call'
rack (2.2.3) lib/rack/sendfile.rb:110:in `call'
actionpack (6.1.1) lib/action_dispatch/middleware/host_authorization.rb:98:in `call'
webpacker (5.2.1) lib/webpacker/dev_server_proxy.rb:25:in `perform_request'
rack-proxy (0.6.5) lib/rack/proxy.rb:57:in `call'
railties (6.1.1) lib/rails/engine.rb:539:in `call'
puma (5.2.1) lib/puma/configuration.rb:247:in `call'
puma (5.2.1) lib/puma/request.rb:76:in `block in handle_request'
puma (5.2.1) lib/puma/thread_pool.rb:337:in `with_force_shutdown'
puma (5.2.1) lib/puma/request.rb:75:in `handle_request'
puma (5.2.1) lib/puma/server.rb:431:in `process_client'
puma (5.2.1) lib/puma/thread_pool.rb:145:in `block in spawn_thread'
Started GET "/" for ::1 at 2021-02-15 13:44:16 +0530
Processing by MainController#index as HTML
  [1m[36mUser Load (4.7ms)[0m  [1m[34mSELECT "users".* FROM "users" WHERE "users"."id" = $1 LIMIT $2[0m  [["id", 1], ["LIMIT", 1]]
  ↳ app/controllers/application_controller.rb:6:in `set_current_user'
  Rendering layout layouts/application.html.erb
  Rendering main/index.html.erb within layouts/application
  Rendered main/index.html.erb within layouts/application (Duration: 0.1ms | Allocations: 42)
[Webpacker] Everything's up-to-date. Nothing to do
  Rendered shared/_navbar.html.erb (Duration: 1.5ms | Allocations: 260)
  Rendered shared/_flash.html.erb (Duration: 0.2ms | Allocations: 27)
  Rendered layout layouts/application.html.erb (Duration: 16.7ms | Allocations: 4477)
Completed 200 OK in 26ms (Views: 17.6ms | ActiveRecord: 4.7ms | Allocations: 5471)


Started GET "/twitter_accounts" for ::1 at 2021-02-15 13:44:18 +0530
Processing by TwitterAccountsController#index as HTML
  [1m[36mUser Load (12.3ms)[0m  [1m[34mSELECT "users".* FROM "users" WHERE "users"."id" = $1 LIMIT $2[0m  [["id", 1], ["LIMIT", 1]]
  ↳ app/controllers/application_controller.rb:6:in `set_current_user'
  Rendering layout layouts/application.html.erb
  Rendering twitter_accounts/index.html.erb within layouts/application
  [1m[36mTwitterAccount Load (0.5ms)[0m  [1m[34mSELECT "twitter_accounts".* FROM "twitter_accounts" WHERE "twitter_accounts"."user_id" = $1[0m  [["user_id", 1]]
  ↳ app/views/twitter_accounts/index.html.erb:6
  Rendered twitter_accounts/index.html.erb within layouts/application (Duration: 13.1ms | Allocations: 1167)
[Webpacker] Everything's up-to-date. Nothing to do
  Rendered shared/_navbar.html.erb (Duration: 0.9ms | Allocations: 244)
  Rendered shared/_flash.html.erb (Duration: 0.3ms | Allocations: 23)
  Rendered layout layouts/application.html.erb (Duration: 28.1ms | Allocations: 5403)
Completed 200 OK in 56ms (Views: 30.8ms | ActiveRecord: 12.7ms | Allocations: 6943)


Started POST "/auth/twitter" for ::1 at 2021-02-15 13:44:20 +0530
  
OAuth::Unauthorized (400 Bad Request):
  
oauth (0.5.5) lib/oauth/consumer.rb:254:in `token_request'
oauth (0.5.5) lib/oauth/consumer.rb:166:in `get_request_token'
omniauth-oauth (1.2.0) lib/omniauth/strategies/oauth.rb:28:in `request_phase'
omniauth-twitter (1.4.0) lib/omniauth/strategies/twitter.rb:61:in `request_phase'
omniauth (2.0.2) lib/omniauth/strategy.rb:254:in `request_call'
omniauth (2.0.2) lib/omniauth/strategy.rb:192:in `call!'
omniauth (2.0.2) lib/omniauth/strategy.rb:169:in `call'
omniauth (2.0.2) lib/omniauth/builder.rb:45:in `call'
rack (2.2.3) lib/rack/tempfile_reaper.rb:15:in `call'
rack (2.2.3) lib/rack/etag.rb:27:in `call'
rack (2.2.3) lib/rack/conditional_get.rb:40:in `call'
rack (2.2.3) lib/rack/head.rb:12:in `call'
actionpack (6.1.1) lib/action_dispatch/http/permissions_policy.rb:22:in `call'
actionpack (6.1.1) lib/action_dispatch/http/content_security_policy.rb:18:in `call'
rack (2.2.3) lib/rack/session/abstract/id.rb:266:in `context'
rack (2.2.3) lib/rack/session/abstract/id.rb:260:in `call'
actionpack (6.1.1) lib/action_dispatch/middleware/cookies.rb:689:in `call'
activerecord (6.1.1) lib/active_record/migration.rb:601:in `call'
actionpack (6.1.1) lib/action_dispatch/middleware/callbacks.rb:27:in `block in call'
activesupport (6.1.1) lib/active_support/callbacks.rb:98:in `run_callbacks'
actionpack (6.1.1) lib/action_dispatch/middleware/callbacks.rb:26:in `call'
actionpack (6.1.1) lib/action_dispatch/middleware/executor.rb:14:in `call'
actionpack (6.1.1) lib/action_dispatch/middleware/actionable_exceptions.rb:18:in `call'
actionpack (6.1.1) lib/action_dispatch/middleware/debug_exceptions.rb:29:in `call'
web-console (4.1.0) lib/web_console/middleware.rb:132:in `call_app'
web-console (4.1.0) lib/web_console/middleware.rb:28:in `block in call'
web-console (4.1.0) lib/web_console/middleware.rb:17:in `catch'
web-console (4.1.0) lib/web_console/middleware.rb:17:in `call'
actionpack (6.1.1) lib/action_dispatch/middleware/show_exceptions.rb:33:in `call'
railties (6.1.1) lib/rails/rack/logger.rb:37:in `call_app'
railties (6.1.1) lib/rails/rack/logger.rb:26:in `block in call'
activesupport (6.1.1) lib/active_support/tagged_logging.rb:99:in `block in tagged'
activesupport (6.1.1) lib/active_support/tagged_logging.rb:37:in `tagged'
activesupport (6.1.1) lib/active_support/tagged_logging.rb:99:in `tagged'
railties (6.1.1) lib/rails/rack/logger.rb:26:in `call'
sprockets-rails (3.2.2) lib/sprockets/rails/quiet_assets.rb:13:in `call'
actionpack (6.1.1) lib/action_dispatch/middleware/remote_ip.rb:81:in `call'
actionpack (6.1.1) lib/action_dispatch/middleware/request_id.rb:26:in `call'
rack (2.2.3) lib/rack/method_override.rb:24:in `call'
rack (2.2.3) lib/rack/runtime.rb:22:in `call'
activesupport (6.1.1) lib/active_support/cache/strategy/local_cache_middleware.rb:29:in `call'
actionpack (6.1.1) lib/action_dispatch/middleware/executor.rb:14:in `call'
actionpack (6.1.1) lib/action_dispatch/middleware/static.rb:24:in `call'
rack (2.2.3) lib/rack/sendfile.rb:110:in `call'
actionpack (6.1.1) lib/action_dispatch/middleware/host_authorization.rb:98:in `call'
webpacker (5.2.1) lib/webpacker/dev_server_proxy.rb:25:in `perform_request'
rack-proxy (0.6.5) lib/rack/proxy.rb:57:in `call'
railties (6.1.1) lib/rails/engine.rb:539:in `call'
puma (5.2.1) lib/puma/configuration.rb:247:in `call'
puma (5.2.1) lib/puma/request.rb:76:in `block in handle_request'
puma (5.2.1) lib/puma/thread_pool.rb:337:in `with_force_shutdown'
puma (5.2.1) lib/puma/request.rb:75:in `handle_request'
puma (5.2.1) lib/puma/server.rb:431:in `process_client'
puma (5.2.1) lib/puma/thread_pool.rb:145:in `block in spawn_thread'
Started GET "/twitter_accounts" for ::1 at 2021-02-15 13:44:26 +0530
Processing by TwitterAccountsController#index as HTML
  [1m[36mUser Load (0.3ms)[0m  [1m[34mSELECT "users".* FROM "users" WHERE "users"."id" = $1 LIMIT $2[0m  [["id", 1], ["LIMIT", 1]]
  ↳ app/controllers/application_controller.rb:6:in `set_current_user'
  Rendering layout layouts/application.html.erb
  Rendering twitter_accounts/index.html.erb within layouts/application
  [1m[36mTwitterAccount Load (0.4ms)[0m  [1m[34mSELECT "twitter_accounts".* FROM "twitter_accounts" WHERE "twitter_accounts"."user_id" = $1[0m  [["user_id", 1]]
  ↳ app/views/twitter_accounts/index.html.erb:6
  Rendered twitter_accounts/index.html.erb within layouts/application (Duration: 2.2ms | Allocations: 736)
[Webpacker] Everything's up-to-date. Nothing to do
  Rendered shared/_navbar.html.erb (Duration: 1.3ms | Allocations: 234)
  Rendered shared/_flash.html.erb (Duration: 0.2ms | Allocations: 23)
  Rendered layout layouts/application.html.erb (Duration: 18.8ms | Allocations: 5006)
Completed 200 OK in 24ms (Views: 20.6ms | ActiveRecord: 0.7ms | Allocations: 5915)


Started GET "/tweets" for ::1 at 2021-02-15 13:44:27 +0530
Processing by TweetsController#index as HTML
  [1m[36mUser Load (16.1ms)[0m  [1m[34mSELECT "users".* FROM "users" WHERE "users"."id" = $1 LIMIT $2[0m  [["id", 1], ["LIMIT", 1]]
  ↳ app/controllers/application_controller.rb:6:in `set_current_user'
  Rendering layout layouts/application.html.erb
  Rendering tweets/index.html.erb within layouts/application
  [1m[36mTwitterAccount Exists? (7.1ms)[0m  [1m[34mSELECT 1 AS one FROM "twitter_accounts" WHERE "twitter_accounts"."user_id" = $1 LIMIT $2[0m  [["user_id", 1], ["LIMIT", 1]]
  ↳ app/views/tweets/index.html.erb:4
  [1m[36mCACHE TwitterAccount Exists? (0.0ms)[0m  [1m[34mSELECT 1 AS one FROM "twitter_accounts" WHERE "twitter_accounts"."user_id" = $1 LIMIT $2[0m  [["user_id", 1], ["LIMIT", 1]]
  ↳ app/views/tweets/index.html.erb:9
  [1m[36mTweet Load (0.6ms)[0m  [1m[34mSELECT "tweets".* FROM "tweets" WHERE "tweets"."user_id" = $1[0m  [["user_id", 1]]
  ↳ app/views/tweets/index.html.erb:13
  Rendered collection of templates [0 times] (Duration: 0.1ms | Allocations: 11)
  Rendered tweets/index.html.erb within layouts/application (Duration: 15.3ms | Allocations: 2058)
[Webpacker] Everything's up-to-date. Nothing to do
  Rendered shared/_navbar.html.erb (Duration: 0.5ms | Allocations: 243)
  Rendered shared/_flash.html.erb (Duration: 0.1ms | Allocations: 23)
  Rendered layout layouts/application.html.erb (Duration: 28.5ms | Allocations: 6340)
Completed 200 OK in 68ms (Views: 23.1ms | ActiveRecord: 23.7ms | Allocations: 7241)


Started GET "/auth/twitter" for ::1 at 2021-02-15 13:44:30 +0530
  
ActionController::RoutingError (No route matches [GET] "/auth/twitter"):
  
Started GET "/tweets" for ::1 at 2021-02-15 13:44:31 +0530
Processing by TweetsController#index as HTML
  [1m[36mUser Load (0.4ms)[0m  [1m[34mSELECT "users".* FROM "users" WHERE "users"."id" = $1 LIMIT $2[0m  [["id", 1], ["LIMIT", 1]]
  ↳ app/controllers/application_controller.rb:6:in `set_current_user'
  Rendering layout layouts/application.html.erb
  Rendering tweets/index.html.erb within layouts/application
  [1m[36mTwitterAccount Exists? (4.2ms)[0m  [1m[34mSELECT 1 AS one FROM "twitter_accounts" WHERE "twitter_accounts"."user_id" = $1 LIMIT $2[0m  [["user_id", 1], ["LIMIT", 1]]
  ↳ app/views/tweets/index.html.erb:4
  [1m[36mCACHE TwitterAccount Exists? (0.1ms)[0m  [1m[34mSELECT 1 AS one FROM "twitter_accounts" WHERE "twitter_accounts"."user_id" = $1 LIMIT $2[0m  [["user_id", 1], ["LIMIT", 1]]
  ↳ app/views/tweets/index.html.erb:9
  [1m[36mTweet Load (0.5ms)[0m  [1m[34mSELECT "tweets".* FROM "tweets" WHERE "tweets"."user_id" = $1[0m  [["user_id", 1]]
  ↳ app/views/tweets/index.html.erb:13
  Rendered collection of templates [0 times] (Duration: 0.0ms | Allocations: 10)
  Rendered tweets/index.html.erb within layouts/application (Duration: 13.0ms | Allocations: 2031)
[Webpacker] Everything's up-to-date. Nothing to do
  Rendered shared/_navbar.html.erb (Duration: 1.6ms | Allocations: 234)
  Rendered shared/_flash.html.erb (Duration: 0.2ms | Allocations: 23)
  Rendered layout layouts/application.html.erb (Duration: 36.5ms | Allocations: 6301)
Completed 200 OK in 50ms (Views: 32.6ms | ActiveRecord: 5.2ms | Allocations: 7191)


Started GET "/auth/twitter" for ::1 at 2021-02-15 13:47:13 +0530
  
ActionController::RoutingError (No route matches [GET] "/auth/twitter"):
  
Started GET "//auth/twitter/callback" for ::1 at 2021-02-15 13:48:50 +0530
Processing by OmniauthCallbacksController#twitter as HTML
  [1m[36mUser Load (0.4ms)[0m  [1m[34mSELECT "users".* FROM "users" WHERE "users"."id" = $1 LIMIT $2[0m  [["id", 1], ["LIMIT", 1]]
  ↳ app/controllers/application_controller.rb:6:in `set_current_user'
Completed 500 Internal Server Error in 10ms (ActiveRecord: 0.4ms | Allocations: 1301)


  
NoMethodError (undefined method `info' for nil:NilClass):
  
app/controllers/omniauth_callbacks_controller.rb:3:in `twitter'
Started GET "/auth/twitter/callback" for ::1 at 2021-02-15 13:48:55 +0530
  
OmniAuth::NoSessionError (Session Expired):
  
omniauth-oauth (1.2.0) lib/omniauth/strategies/oauth.rb:45:in `callback_phase'
omniauth (2.0.2) lib/omniauth/strategy.rb:268:in `callback_call'
omniauth (2.0.2) lib/omniauth/strategy.rb:193:in `call!'
omniauth (2.0.2) lib/omniauth/strategy.rb:169:in `call'
omniauth (2.0.2) lib/omniauth/builder.rb:45:in `call'
rack (2.2.3) lib/rack/tempfile_reaper.rb:15:in `call'
rack (2.2.3) lib/rack/etag.rb:27:in `call'
rack (2.2.3) lib/rack/conditional_get.rb:27:in `call'
rack (2.2.3) lib/rack/head.rb:12:in `call'
actionpack (6.1.1) lib/action_dispatch/http/permissions_policy.rb:22:in `call'
actionpack (6.1.1) lib/action_dispatch/http/content_security_policy.rb:18:in `call'
rack (2.2.3) lib/rack/session/abstract/id.rb:266:in `context'
rack (2.2.3) lib/rack/session/abstract/id.rb:260:in `call'
actionpack (6.1.1) lib/action_dispatch/middleware/cookies.rb:689:in `call'
activerecord (6.1.1) lib/active_record/migration.rb:601:in `call'
actionpack (6.1.1) lib/action_dispatch/middleware/callbacks.rb:27:in `block in call'
activesupport (6.1.1) lib/active_support/callbacks.rb:98:in `run_callbacks'
actionpack (6.1.1) lib/action_dispatch/middleware/callbacks.rb:26:in `call'
actionpack (6.1.1) lib/action_dispatch/middleware/executor.rb:14:in `call'
actionpack (6.1.1) lib/action_dispatch/middleware/actionable_exceptions.rb:18:in `call'
actionpack (6.1.1) lib/action_dispatch/middleware/debug_exceptions.rb:29:in `call'
web-console (4.1.0) lib/web_console/middleware.rb:132:in `call_app'
web-console (4.1.0) lib/web_console/middleware.rb:28:in `block in call'
web-console (4.1.0) lib/web_console/middleware.rb:17:in `catch'
web-console (4.1.0) lib/web_console/middleware.rb:17:in `call'
actionpack (6.1.1) lib/action_dispatch/middleware/show_exceptions.rb:33:in `call'
railties (6.1.1) lib/rails/rack/logger.rb:37:in `call_app'
railties (6.1.1) lib/rails/rack/logger.rb:26:in `block in call'
activesupport (6.1.1) lib/active_support/tagged_logging.rb:99:in `block in tagged'
activesupport (6.1.1) lib/active_support/tagged_logging.rb:37:in `tagged'
activesupport (6.1.1) lib/active_support/tagged_logging.rb:99:in `tagged'
railties (6.1.1) lib/rails/rack/logger.rb:26:in `call'
sprockets-rails (3.2.2) lib/sprockets/rails/quiet_assets.rb:13:in `call'
actionpack (6.1.1) lib/action_dispatch/middleware/remote_ip.rb:81:in `call'
actionpack (6.1.1) lib/action_dispatch/middleware/request_id.rb:26:in `call'
rack (2.2.3) lib/rack/method_override.rb:24:in `call'
rack (2.2.3) lib/rack/runtime.rb:22:in `call'
activesupport (6.1.1) lib/active_support/cache/strategy/local_cache_middleware.rb:29:in `call'
actionpack (6.1.1) lib/action_dispatch/middleware/executor.rb:14:in `call'
actionpack (6.1.1) lib/action_dispatch/middleware/static.rb:24:in `call'
rack (2.2.3) lib/rack/sendfile.rb:110:in `call'
actionpack (6.1.1) lib/action_dispatch/middleware/host_authorization.rb:98:in `call'
webpacker (5.2.1) lib/webpacker/dev_server_proxy.rb:25:in `perform_request'
rack-proxy (0.6.5) lib/rack/proxy.rb:57:in `call'
railties (6.1.1) lib/rails/engine.rb:539:in `call'
puma (5.2.1) lib/puma/configuration.rb:247:in `call'
puma (5.2.1) lib/puma/request.rb:76:in `block in handle_request'
puma (5.2.1) lib/puma/thread_pool.rb:337:in `with_force_shutdown'
puma (5.2.1) lib/puma/request.rb:75:in `handle_request'
puma (5.2.1) lib/puma/server.rb:431:in `process_client'
puma (5.2.1) lib/puma/thread_pool.rb:145:in `block in spawn_thread'
